<?xml version="1.0" encoding="UTF-8"?>
<testng-results ignored="0" total="1" passed="1" failed="0" skipped="0">
  <reporter-output>
  </reporter-output>
  <suite started-at="2026-02-06T03:51:11 IST" name="Default suite" finished-at="2026-02-06T03:51:15 IST" duration-ms="3324">
    <groups>
    </groups>
    <test started-at="2026-02-06T03:51:11 IST" name="Default test" finished-at="2026-02-06T03:51:15 IST" duration-ms="3324">
      <class name="testCase.TC007_HighToLowPriceSorting">
        <test-method is-config="true" signature="setup()[pri:0, instance:testCase.TC007_HighToLowPriceSorting@36fc695d]" started-at="2026-02-06T03:51:11 IST" name="setup" finished-at="2026-02-06T03:51:14 IST" duration-ms="2554" status="PASS">
          <reporter-output>
          </reporter-output>
        </test-method> <!-- setup -->
        <test-method signature="highToLowPrice()[pri:0, instance:testCase.TC007_HighToLowPriceSorting@36fc695d]" started-at="2026-02-06T03:51:14 IST" name="highToLowPrice" finished-at="2026-02-06T03:51:15 IST" duration-ms="730" status="PASS">
          <reporter-output>
          </reporter-output>
        </test-method> <!-- highToLowPrice -->
      </class> <!-- testCase.TC007_HighToLowPriceSorting -->
    </test> <!-- Default test -->
  </suite> <!-- Default suite -->
</testng-results>
